2022-10-15 16:59:52 - balance: 300 - DEPOSIT - 100
2022-10-15 16:59:52 - balance: 100 - WITHDRAW - 200
2022-10-15 16:59:52 - balance: 150 - DEPOSIT - 50
2022-10-15 16:59:52 - balance: 100 - UNDO DEPOSIT - 50
2022-10-15 16:59:52 - balance: 300 - UNDO WITHDRAW - 200
2022-10-15 16:59:52 - balance: 200 - UNDO DEPOSIT - 100
2022-10-15 17:00:30 - balance: 300 - DEPOSIT - 100
2022-10-15 17:00:30 - balance: 350 - DEPOSIT - 50
2022-10-15 17:00:30 - balance: 300 - UNDO DEPOSIT - 50
2022-10-15 17:00:30 - balance: 200 - UNDO DEPOSIT - 100
2022-10-15 17:08:10 - balance: 150 - WITHDRAW - 100
2022-10-15 17:08:10 - balance: 110 - DEPOSIT - 100
2022-10-15 17:11:38 - balance: 1010 - DEPOSIT - 1000
2022-10-15 17:20:22 - balance: -280 - WITHDRAW - 500
2022-10-15 17:20:22 - balance: 515 - DEPOSIT - 500
2022-10-15 17:21:22 - balance: -280 - WITHDRAW - 500
2022-10-15 17:21:22 - balance: 515 - DEPOSIT - 500
2022-10-15 17:21:22 - balance: 15 - WITHDRAW - 500
2022-10-15 17:21:22 - balance: 220 - DEPOSIT - 500
2022-10-15 17:22:07 - balance: -480 - WITHDRAW - 700
2022-10-15 17:22:07 - balance: 715 - DEPOSIT - 700
